<?xml version="1.0" encoding="UTF-8"?>
<!-- Generated by org.testng.reporters.JUnitReportReporter -->
<testsuite hostname="DESKTOP-OFLP1R2" failures="0" tests="1" name="NewToursAutomation.RegistrationModule" time="16.220" errors="0" timestamp="19 Oct 2019 08:18:32 GMT" skipped="0">
  <testcase classname="NewToursAutomation.RegistrationModule" name="registerUser" time="16.220"/>
</testsuite> <!-- NewToursAutomation.RegistrationModule -->
